<?xml version="1.0" encoding="UTF-8"?>
<!-- Generated by org.testng.reporters.JUnitXMLReporter -->
<testsuite hostname="LAPTOP-QC6J2DOB" name="Test" tests="1" failures="1" timestamp="26 Aug 2018 22:30:47 GMT" time="46.358" errors="0">
  <testcase name="login" time="45.183" classname="tests.AppTests">
    <failure type="java.lang.AssertionError" message="Login Unsuccessfull">
      <![CDATA[java.lang.AssertionError: Login Unsuccessfull
	at tests.AppTests.login(AppTests.java:71)
... Removed 25 stack frames]]>
    </failure>
  </testcase> <!-- login -->
</testsuite> <!-- Test -->
